[2.353s] DEBUG:colcon:Command line arguments: ['/usr/bin/colcon', 'build', '--packages-select', 'auto_nav']
[2.353s] DEBUG:colcon:Parsed command line arguments: Namespace(allow_overriding=[], ament_cmake_args=None, base_paths=['.'], build_base='build', catkin_cmake_args=None, catkin_skip_building_tests=False, cmake_args=None, cmake_clean_cache=False, cmake_clean_first=False, cmake_force_configure=False, cmake_target=None, cmake_target_skip_unavailable=False, continue_on_error=False, event_handlers=None, executor='parallel', ignore_user_meta=False, install_base='install', log_base=None, log_level=None, main=<bound method BuildVerb.main of <colcon_core.verb.build.BuildVerb object at 0x7f0d891c3370>>, merge_install=False, metas=['./colcon.meta'], packages_above=None, packages_above_and_dependencies=None, packages_above_depth=None, packages_end=None, packages_ignore=None, packages_ignore_regex=None, packages_select=['auto_nav'], packages_select_build_failed=False, packages_select_by_dep=None, packages_select_regex=None, packages_select_test_failures=False, packages_skip=None, packages_skip_build_finished=False, packages_skip_by_dep=None, packages_skip_regex=None, packages_skip_test_passed=False, packages_skip_up_to=None, packages_start=None, packages_up_to=None, packages_up_to_regex=None, parallel_workers=8, paths=None, symlink_install=False, test_result_base=None, verb_extension=<colcon_core.verb.build.BuildVerb object at 0x7f0d891c3370>, verb_name='build', verb_parser=<colcon_defaults.argument_parser.defaults.DefaultArgumentsDecorator object at 0x7f0d88ddb460>)
[2.460s] Level 1:colcon.colcon_core.package_discovery:discover_packages(colcon_meta) check parameters
[2.460s] Level 1:colcon.colcon_core.package_discovery:discover_packages(recursive) check parameters
[2.460s] Level 1:colcon.colcon_core.package_discovery:discover_packages(ignore) check parameters
[2.460s] Level 1:colcon.colcon_core.package_discovery:discover_packages(path) check parameters
[2.460s] Level 1:colcon.colcon_core.package_discovery:discover_packages(colcon_meta) discover
[2.460s] Level 1:colcon.colcon_core.package_discovery:discover_packages(recursive) discover
[2.460s] INFO:colcon.colcon_core.package_discovery:Crawling recursively for packages in '/home/yttrium/colcon_ws/src/auto_nav/auto_nav'
[2.460s] Level 1:colcon.colcon_core.package_identification:_identify(.) by extensions ['ignore', 'ignore_ament_install']
[2.460s] Level 1:colcon.colcon_core.package_identification:_identify(.) by extension 'ignore'
[2.460s] Level 1:colcon.colcon_core.package_identification:_identify(.) by extension 'ignore_ament_install'
[2.460s] Level 1:colcon.colcon_core.package_identification:_identify(.) by extensions ['colcon_pkg']
[2.460s] Level 1:colcon.colcon_core.package_identification:_identify(.) by extension 'colcon_pkg'
[2.460s] Level 1:colcon.colcon_core.package_identification:_identify(.) by extensions ['colcon_meta']
[2.460s] Level 1:colcon.colcon_core.package_identification:_identify(.) by extension 'colcon_meta'
[2.460s] Level 1:colcon.colcon_core.package_identification:_identify(.) by extensions ['ros']
[2.460s] Level 1:colcon.colcon_core.package_identification:_identify(.) by extension 'ros'
[2.476s] DEBUG:colcon.colcon_core.package_identification:Package '.' with type 'ros.ament_python' and name 'auto_nav'
[2.476s] Level 1:colcon.colcon_core.package_discovery:discover_packages(recursive) using defaults
[2.477s] Level 1:colcon.colcon_core.package_discovery:discover_packages(ignore) discover
[2.477s] Level 1:colcon.colcon_core.package_discovery:discover_packages(ignore) using defaults
[2.477s] Level 1:colcon.colcon_core.package_discovery:discover_packages(path) discover
[2.477s] Level 1:colcon.colcon_core.package_discovery:discover_packages(path) using defaults
[2.718s] Level 1:colcon.colcon_core.package_discovery:discover_packages(prefix_path) check parameters
[2.718s] Level 1:colcon.colcon_core.package_discovery:discover_packages(prefix_path) discover
[2.795s] DEBUG:colcon.colcon_installed_package_information.package_discovery:Found 5 installed packages in /home/yttrium/colcon_ws/install
[2.834s] DEBUG:colcon.colcon_installed_package_information.package_discovery:Found 341 installed packages in /opt/ros/foxy
[2.836s] Level 1:colcon.colcon_core.package_discovery:discover_packages(prefix_path) using defaults
[3.006s] Level 5:colcon.colcon_core.verb:set package 'auto_nav' build argument 'cmake_args' from command line to 'None'
[3.006s] Level 5:colcon.colcon_core.verb:set package 'auto_nav' build argument 'cmake_target' from command line to 'None'
[3.006s] Level 5:colcon.colcon_core.verb:set package 'auto_nav' build argument 'cmake_target_skip_unavailable' from command line to 'False'
[3.006s] Level 5:colcon.colcon_core.verb:set package 'auto_nav' build argument 'cmake_clean_cache' from command line to 'False'
[3.006s] Level 5:colcon.colcon_core.verb:set package 'auto_nav' build argument 'cmake_clean_first' from command line to 'False'
[3.006s] Level 5:colcon.colcon_core.verb:set package 'auto_nav' build argument 'cmake_force_configure' from command line to 'False'
[3.006s] Level 5:colcon.colcon_core.verb:set package 'auto_nav' build argument 'ament_cmake_args' from command line to 'None'
[3.006s] Level 5:colcon.colcon_core.verb:set package 'auto_nav' build argument 'catkin_cmake_args' from command line to 'None'
[3.006s] Level 5:colcon.colcon_core.verb:set package 'auto_nav' build argument 'catkin_skip_building_tests' from command line to 'False'
[3.006s] DEBUG:colcon.colcon_core.verb:Building package 'auto_nav' with the following arguments: {'ament_cmake_args': None, 'build_base': '/home/yttrium/colcon_ws/src/auto_nav/auto_nav/build/auto_nav', 'catkin_cmake_args': None, 'catkin_skip_building_tests': False, 'cmake_args': None, 'cmake_clean_cache': False, 'cmake_clean_first': False, 'cmake_force_configure': False, 'cmake_target': None, 'cmake_target_skip_unavailable': False, 'install_base': '/home/yttrium/colcon_ws/src/auto_nav/auto_nav/install/auto_nav', 'merge_install': False, 'path': '/home/yttrium/colcon_ws/src/auto_nav/auto_nav', 'symlink_install': False, 'test_result_base': None}
[3.046s] INFO:colcon.colcon_core.executor:Executing jobs using 'parallel' executor
[3.103s] DEBUG:colcon.colcon_parallel_executor.executor.parallel:run_until_complete
[3.103s] INFO:colcon.colcon_ros.task.ament_python.build:Building ROS package in '/home/yttrium/colcon_ws/src/auto_nav/auto_nav' with build type 'ament_python'
[3.104s] Level 1:colcon.colcon_core.shell:create_environment_hook('auto_nav', 'ament_prefix_path')
[3.149s] INFO:colcon.colcon_core.plugin_system:Skipping extension 'colcon_core.shell.bat': Not used on non-Windows systems
[3.149s] INFO:colcon.colcon_core.shell:Creating environment hook '/home/yttrium/colcon_ws/src/auto_nav/auto_nav/install/auto_nav/share/auto_nav/hook/ament_prefix_path.ps1'
[3.150s] INFO:colcon.colcon_core.shell:Creating environment descriptor '/home/yttrium/colcon_ws/src/auto_nav/auto_nav/install/auto_nav/share/auto_nav/hook/ament_prefix_path.dsv'
[3.151s] INFO:colcon.colcon_core.shell:Creating environment hook '/home/yttrium/colcon_ws/src/auto_nav/auto_nav/install/auto_nav/share/auto_nav/hook/ament_prefix_path.sh'
[3.194s] INFO:colcon.colcon_core.shell:Skip shell extension 'powershell' for command environment: Not usable outside of PowerShell
[3.194s] DEBUG:colcon.colcon_core.shell:Skip shell extension 'dsv' for command environment
[3.587s] INFO:colcon.colcon_core.task.python.build:Building Python package in '/home/yttrium/colcon_ws/src/auto_nav/auto_nav'
[3.628s] INFO:colcon.colcon_core.shell:Skip shell extension 'powershell' for command environment: Not usable outside of PowerShell
[3.628s] DEBUG:colcon.colcon_core.shell:Skip shell extension 'dsv' for command environment
[4.209s] DEBUG:colcon.colcon_core.event_handler.log_command:Invoking command in '/home/yttrium/colcon_ws/src/auto_nav/auto_nav': PYTHONPATH=/home/yttrium/colcon_ws/src/auto_nav/auto_nav/build/auto_nav/prefix_override:/home/yttrium/colcon_ws/src/auto_nav/auto_nav/install/auto_nav/lib/python3.8/site-packages:${PYTHONPATH} /usr/bin/python3 setup.py egg_info --egg-base build/auto_nav build --build-base /home/yttrium/colcon_ws/src/auto_nav/auto_nav/build/auto_nav/build install --record /home/yttrium/colcon_ws/src/auto_nav/auto_nav/build/auto_nav/install.log --single-version-externally-managed
[4.511s] DEBUG:colcon.colcon_core.event_handler.log_command:Invoked command in '/home/yttrium/colcon_ws/src/auto_nav/auto_nav' returned '1': PYTHONPATH=/home/yttrium/colcon_ws/src/auto_nav/auto_nav/build/auto_nav/prefix_override:/home/yttrium/colcon_ws/src/auto_nav/auto_nav/install/auto_nav/lib/python3.8/site-packages:${PYTHONPATH} /usr/bin/python3 setup.py egg_info --egg-base build/auto_nav build --build-base /home/yttrium/colcon_ws/src/auto_nav/auto_nav/build/auto_nav/build install --record /home/yttrium/colcon_ws/src/auto_nav/auto_nav/build/auto_nav/install.log --single-version-externally-managed
[4.521s] DEBUG:colcon.colcon_parallel_executor.executor.parallel:closing loop
[4.522s] DEBUG:colcon.colcon_parallel_executor.executor.parallel:loop closed
[4.522s] DEBUG:colcon.colcon_parallel_executor.executor.parallel:run_until_complete finished with '1'
[4.522s] DEBUG:colcon.colcon_core.event_reactor:joining thread
[4.570s] INFO:colcon.colcon_core.plugin_system:Skipping extension 'colcon_notification.desktop_notification.terminal_notifier': Not used on non-Darwin systems
[4.570s] INFO:colcon.colcon_core.plugin_system:Skipping extension 'colcon_notification.desktop_notification.win32': Not used on non-Windows systems
[4.570s] INFO:colcon.colcon_notification.desktop_notification:Sending desktop notification using 'notify2'
[4.587s] DEBUG:colcon.colcon_core.event_reactor:joined thread
[4.628s] INFO:colcon.colcon_core.shell:Creating prefix script '/home/yttrium/colcon_ws/src/auto_nav/auto_nav/install/local_setup.ps1'
[4.629s] INFO:colcon.colcon_core.shell:Creating prefix util module '/home/yttrium/colcon_ws/src/auto_nav/auto_nav/install/_local_setup_util_ps1.py'
[4.631s] INFO:colcon.colcon_core.shell:Creating prefix chain script '/home/yttrium/colcon_ws/src/auto_nav/auto_nav/install/setup.ps1'
[4.672s] INFO:colcon.colcon_core.shell:Creating prefix script '/home/yttrium/colcon_ws/src/auto_nav/auto_nav/install/local_setup.sh'
[4.673s] INFO:colcon.colcon_core.shell:Creating prefix util module '/home/yttrium/colcon_ws/src/auto_nav/auto_nav/install/_local_setup_util_sh.py'
[4.674s] INFO:colcon.colcon_core.shell:Creating prefix chain script '/home/yttrium/colcon_ws/src/auto_nav/auto_nav/install/setup.sh'
[4.715s] INFO:colcon.colcon_core.shell:Creating prefix script '/home/yttrium/colcon_ws/src/auto_nav/auto_nav/install/local_setup.bash'
[4.715s] INFO:colcon.colcon_core.shell:Creating prefix chain script '/home/yttrium/colcon_ws/src/auto_nav/auto_nav/install/setup.bash'
[4.756s] INFO:colcon.colcon_core.shell:Creating prefix script '/home/yttrium/colcon_ws/src/auto_nav/auto_nav/install/local_setup.zsh'
[4.757s] INFO:colcon.colcon_core.shell:Creating prefix chain script '/home/yttrium/colcon_ws/src/auto_nav/auto_nav/install/setup.zsh'
