[1.484s] DEBUG:colcon:Command line arguments: ['/usr/bin/colcon', 'build', '--packages-select', 'auto_nav']
[1.484s] DEBUG:colcon:Parsed command line arguments: Namespace(allow_overriding=[], ament_cmake_args=None, base_paths=['.'], build_base='build', catkin_cmake_args=None, catkin_skip_building_tests=False, cmake_args=None, cmake_clean_cache=False, cmake_clean_first=False, cmake_force_configure=False, cmake_target=None, cmake_target_skip_unavailable=False, continue_on_error=False, event_handlers=None, executor='parallel', ignore_user_meta=False, install_base='install', log_base=None, log_level=None, main=<bound method BuildVerb.main of <colcon_core.verb.build.BuildVerb object at 0x7f0b35302280>>, merge_install=False, metas=['./colcon.meta'], packages_above=None, packages_above_and_dependencies=None, packages_above_depth=None, packages_end=None, packages_ignore=None, packages_ignore_regex=None, packages_select=['auto_nav'], packages_select_build_failed=False, packages_select_by_dep=None, packages_select_regex=None, packages_select_test_failures=False, packages_skip=None, packages_skip_build_finished=False, packages_skip_by_dep=None, packages_skip_regex=None, packages_skip_test_passed=False, packages_skip_up_to=None, packages_start=None, packages_up_to=None, packages_up_to_regex=None, parallel_workers=8, paths=None, symlink_install=False, test_result_base=None, verb_extension=<colcon_core.verb.build.BuildVerb object at 0x7f0b35302280>, verb_name='build', verb_parser=<colcon_defaults.argument_parser.defaults.DefaultArgumentsDecorator object at 0x7f0b34f43d00>)
[1.549s] Level 1:colcon.colcon_core.package_discovery:discover_packages(colcon_meta) check parameters
[1.549s] Level 1:colcon.colcon_core.package_discovery:discover_packages(recursive) check parameters
[1.549s] Level 1:colcon.colcon_core.package_discovery:discover_packages(ignore) check parameters
[1.549s] Level 1:colcon.colcon_core.package_discovery:discover_packages(path) check parameters
[1.549s] Level 1:colcon.colcon_core.package_discovery:discover_packages(colcon_meta) discover
[1.549s] Level 1:colcon.colcon_core.package_discovery:discover_packages(recursive) discover
[1.549s] INFO:colcon.colcon_core.package_discovery:Crawling recursively for packages in '/home/yttrium/colcon_ws/src/auto_nav/auto_nav'
[1.549s] Level 1:colcon.colcon_core.package_identification:_identify(.) by extensions ['ignore', 'ignore_ament_install']
[1.549s] Level 1:colcon.colcon_core.package_identification:_identify(.) by extension 'ignore'
[1.549s] Level 1:colcon.colcon_core.package_identification:_identify(.) by extension 'ignore_ament_install'
[1.549s] Level 1:colcon.colcon_core.package_identification:_identify(.) by extensions ['colcon_pkg']
[1.550s] Level 1:colcon.colcon_core.package_identification:_identify(.) by extension 'colcon_pkg'
[1.550s] Level 1:colcon.colcon_core.package_identification:_identify(.) by extensions ['colcon_meta']
[1.550s] Level 1:colcon.colcon_core.package_identification:_identify(.) by extension 'colcon_meta'
[1.550s] Level 1:colcon.colcon_core.package_identification:_identify(.) by extensions ['ros']
[1.550s] Level 1:colcon.colcon_core.package_identification:_identify(.) by extension 'ros'
[1.560s] DEBUG:colcon.colcon_core.package_identification:Package '.' with type 'ros.ament_python' and name 'auto_nav'
[1.560s] Level 1:colcon.colcon_core.package_discovery:discover_packages(recursive) using defaults
[1.560s] Level 1:colcon.colcon_core.package_discovery:discover_packages(ignore) discover
[1.560s] Level 1:colcon.colcon_core.package_discovery:discover_packages(ignore) using defaults
[1.561s] Level 1:colcon.colcon_core.package_discovery:discover_packages(path) discover
[1.561s] Level 1:colcon.colcon_core.package_discovery:discover_packages(path) using defaults
[1.707s] Level 1:colcon.colcon_core.package_discovery:discover_packages(prefix_path) check parameters
[1.707s] Level 1:colcon.colcon_core.package_discovery:discover_packages(prefix_path) discover
[1.757s] DEBUG:colcon.colcon_installed_package_information.package_discovery:Found 5 installed packages in /home/yttrium/colcon_ws/install
[1.784s] DEBUG:colcon.colcon_installed_package_information.package_discovery:Found 334 installed packages in /opt/ros/foxy
[1.786s] Level 1:colcon.colcon_core.package_discovery:discover_packages(prefix_path) using defaults
[1.890s] Level 5:colcon.colcon_core.verb:set package 'auto_nav' build argument 'cmake_args' from command line to 'None'
[1.890s] Level 5:colcon.colcon_core.verb:set package 'auto_nav' build argument 'cmake_target' from command line to 'None'
[1.890s] Level 5:colcon.colcon_core.verb:set package 'auto_nav' build argument 'cmake_target_skip_unavailable' from command line to 'False'
[1.890s] Level 5:colcon.colcon_core.verb:set package 'auto_nav' build argument 'cmake_clean_cache' from command line to 'False'
[1.890s] Level 5:colcon.colcon_core.verb:set package 'auto_nav' build argument 'cmake_clean_first' from command line to 'False'
[1.890s] Level 5:colcon.colcon_core.verb:set package 'auto_nav' build argument 'cmake_force_configure' from command line to 'False'
[1.890s] Level 5:colcon.colcon_core.verb:set package 'auto_nav' build argument 'ament_cmake_args' from command line to 'None'
[1.890s] Level 5:colcon.colcon_core.verb:set package 'auto_nav' build argument 'catkin_cmake_args' from command line to 'None'
[1.890s] Level 5:colcon.colcon_core.verb:set package 'auto_nav' build argument 'catkin_skip_building_tests' from command line to 'False'
[1.890s] DEBUG:colcon.colcon_core.verb:Building package 'auto_nav' with the following arguments: {'ament_cmake_args': None, 'build_base': '/home/yttrium/colcon_ws/src/auto_nav/auto_nav/build/auto_nav', 'catkin_cmake_args': None, 'catkin_skip_building_tests': False, 'cmake_args': None, 'cmake_clean_cache': False, 'cmake_clean_first': False, 'cmake_force_configure': False, 'cmake_target': None, 'cmake_target_skip_unavailable': False, 'install_base': '/home/yttrium/colcon_ws/src/auto_nav/auto_nav/install/auto_nav', 'merge_install': False, 'path': '/home/yttrium/colcon_ws/src/auto_nav/auto_nav', 'symlink_install': False, 'test_result_base': None}
[1.914s] INFO:colcon.colcon_core.executor:Executing jobs using 'parallel' executor
[1.939s] DEBUG:colcon.colcon_parallel_executor.executor.parallel:run_until_complete
[1.939s] INFO:colcon.colcon_ros.task.ament_python.build:Building ROS package in '/home/yttrium/colcon_ws/src/auto_nav/auto_nav' with build type 'ament_python'
[1.939s] Level 1:colcon.colcon_core.shell:create_environment_hook('auto_nav', 'ament_prefix_path')
[1.977s] INFO:colcon.colcon_core.plugin_system:Skipping extension 'colcon_core.shell.bat': Not used on non-Windows systems
[1.977s] INFO:colcon.colcon_core.shell:Creating environment hook '/home/yttrium/colcon_ws/src/auto_nav/auto_nav/install/auto_nav/share/auto_nav/hook/ament_prefix_path.ps1'
[1.983s] INFO:colcon.colcon_core.shell:Creating environment descriptor '/home/yttrium/colcon_ws/src/auto_nav/auto_nav/install/auto_nav/share/auto_nav/hook/ament_prefix_path.dsv'
[1.983s] INFO:colcon.colcon_core.shell:Creating environment hook '/home/yttrium/colcon_ws/src/auto_nav/auto_nav/install/auto_nav/share/auto_nav/hook/ament_prefix_path.sh'
[2.010s] INFO:colcon.colcon_core.shell:Skip shell extension 'powershell' for command environment: Not usable outside of PowerShell
[2.010s] DEBUG:colcon.colcon_core.shell:Skip shell extension 'dsv' for command environment
[2.258s] INFO:colcon.colcon_core.task.python.build:Building Python package in '/home/yttrium/colcon_ws/src/auto_nav/auto_nav'
[2.285s] INFO:colcon.colcon_core.shell:Skip shell extension 'powershell' for command environment: Not usable outside of PowerShell
[2.286s] DEBUG:colcon.colcon_core.shell:Skip shell extension 'dsv' for command environment
[2.665s] DEBUG:colcon.colcon_core.event_handler.log_command:Invoking command in '/home/yttrium/colcon_ws/src/auto_nav/auto_nav': PYTHONPATH=/home/yttrium/colcon_ws/src/auto_nav/auto_nav/build/auto_nav/prefix_override:/home/yttrium/colcon_ws/src/auto_nav/auto_nav/install/auto_nav/lib/python3.8/site-packages:${PYTHONPATH} /usr/bin/python3 setup.py egg_info --egg-base build/auto_nav build --build-base /home/yttrium/colcon_ws/src/auto_nav/auto_nav/build/auto_nav/build install --record /home/yttrium/colcon_ws/src/auto_nav/auto_nav/build/auto_nav/install.log --single-version-externally-managed
[2.862s] DEBUG:colcon.colcon_core.event_handler.log_command:Invoked command in '/home/yttrium/colcon_ws/src/auto_nav/auto_nav' returned '1': PYTHONPATH=/home/yttrium/colcon_ws/src/auto_nav/auto_nav/build/auto_nav/prefix_override:/home/yttrium/colcon_ws/src/auto_nav/auto_nav/install/auto_nav/lib/python3.8/site-packages:${PYTHONPATH} /usr/bin/python3 setup.py egg_info --egg-base build/auto_nav build --build-base /home/yttrium/colcon_ws/src/auto_nav/auto_nav/build/auto_nav/build install --record /home/yttrium/colcon_ws/src/auto_nav/auto_nav/build/auto_nav/install.log --single-version-externally-managed
[2.872s] DEBUG:colcon.colcon_parallel_executor.executor.parallel:closing loop
[2.872s] DEBUG:colcon.colcon_parallel_executor.executor.parallel:loop closed
[2.872s] DEBUG:colcon.colcon_parallel_executor.executor.parallel:run_until_complete finished with '1'
[2.872s] DEBUG:colcon.colcon_core.event_reactor:joining thread
[2.905s] INFO:colcon.colcon_core.plugin_system:Skipping extension 'colcon_notification.desktop_notification.terminal_notifier': Not used on non-Darwin systems
[2.905s] INFO:colcon.colcon_core.plugin_system:Skipping extension 'colcon_notification.desktop_notification.win32': Not used on non-Windows systems
[2.905s] INFO:colcon.colcon_notification.desktop_notification:Sending desktop notification using 'notify2'
[2.916s] DEBUG:colcon.colcon_core.event_reactor:joined thread
[2.944s] INFO:colcon.colcon_core.shell:Creating prefix script '/home/yttrium/colcon_ws/src/auto_nav/auto_nav/install/local_setup.ps1'
[2.944s] INFO:colcon.colcon_core.shell:Creating prefix util module '/home/yttrium/colcon_ws/src/auto_nav/auto_nav/install/_local_setup_util_ps1.py'
[2.945s] INFO:colcon.colcon_core.shell:Creating prefix chain script '/home/yttrium/colcon_ws/src/auto_nav/auto_nav/install/setup.ps1'
[2.974s] INFO:colcon.colcon_core.shell:Creating prefix script '/home/yttrium/colcon_ws/src/auto_nav/auto_nav/install/local_setup.sh'
[2.975s] INFO:colcon.colcon_core.shell:Creating prefix util module '/home/yttrium/colcon_ws/src/auto_nav/auto_nav/install/_local_setup_util_sh.py'
[2.975s] INFO:colcon.colcon_core.shell:Creating prefix chain script '/home/yttrium/colcon_ws/src/auto_nav/auto_nav/install/setup.sh'
[3.002s] INFO:colcon.colcon_core.shell:Creating prefix script '/home/yttrium/colcon_ws/src/auto_nav/auto_nav/install/local_setup.bash'
[3.003s] INFO:colcon.colcon_core.shell:Creating prefix chain script '/home/yttrium/colcon_ws/src/auto_nav/auto_nav/install/setup.bash'
[3.028s] INFO:colcon.colcon_core.shell:Creating prefix script '/home/yttrium/colcon_ws/src/auto_nav/auto_nav/install/local_setup.zsh'
[3.028s] INFO:colcon.colcon_core.shell:Creating prefix chain script '/home/yttrium/colcon_ws/src/auto_nav/auto_nav/install/setup.zsh'
